#
# A fatal error has been detected by the Java Runtime Environment:
#
#  EXCEPTION_PRIV_INSTRUCTION (0xc0000096) at pc=0x73d99c6f, pid=3568, tid=4044
#
# JRE version:  (7.0_40-b43) (build )
# Java VM: Java HotSpot(TM) Client VM (24.0-b56 mixed mode, sharing windows-x86 )
# Problematic frame:
# V  [jvm.dll+0xc9c6f]
#
# Failed to write core dump. Minidumps are not enabled by default on client versions of Windows
#
# If you would like to submit a bug report, please visit:
#   http://bugreport.sun.com/bugreport/crash.jsp
#

---------------  T H R E A D  ---------------

Current thread (0x0280f000):  JavaThread "main" [_thread_in_vm, id=4044, stack(0x00e50000,0x00ea0000)]

siginfo: ExceptionCode=0xc0000096

Registers:
EAX=0x000000ee, EBX=0x00000000, ECX=0x00000000, EDX=0x00e9f34c
ESP=0x00e9f2cc, EBP=0x00e9f319, ESI=0x0280f000, EDI=0x0280f134
EIP=0x73d99c6f, EFLAGS=0x00010286

Top of Stack: (sp=0x00e9f2cc)
0x00e9f2cc:   0283dbb0 0280f130 00000000 0280f000
0x00e9f2dc:   00000000 00e9f2d0 00000000 00e9f47c
0x00e9f2ec:   73f601ae 740b411a fffffffe 00e9f318
0x00e9f2fc:   73d948ed 0280f000 0280f000 00000000
0x00e9f30c:   00000000 00000000 0280f000 00e9f378
0x00e9f31c:   7483595d 0280f130 0283dbb0 02837998
0x00e9f32c:   00e9f34c 0280f000 3b0668f0 3ba93bb0
0x00e9f33c:   74831d23 0280f130 74843a6c 74843968 

Instructions: (pc=0x73d99c6f)
0x73d99c4f:   ff 83 c4 08 83 7e 04 00 89 75 ec c7 45 f0 00 00
0x73d99c5f:   00 00 74 08 8d 4d ec e8 85 1d 0c 00 ab 45 0c e8
0x73d99c6f:   ed 5a ff ff 83 7e 04 00 0f 84 95 00 00 00 83 7d
0x73d99c7f:   f0 00 74 08 8d 4d ec e8 a5 1d 0c 00 8b 7e 28 8b 


Register to memory mapping:

EAX=0x000000ee is an unknown value
EBX=0x00000000 is an unknown value
ECX=0x00000000 is an unknown value
EDX=0x00e9f34c is pointing into the stack for thread: 0x0280f000
ESP=0x00e9f2cc is pointing into the stack for thread: 0x0280f000
EBP=0x00e9f319 is pointing into the stack for thread: 0x0280f000
ESI=0x0280f000 is a thread
EDI=0x0280f134 is an unknown value


Stack: [0x00e50000,0x00ea0000],  sp=0x00e9f2cc,  free space=316k
Native frames: (J=compiled Java code, j=interpreted, Vv=VM code, C=native code)
V  [jvm.dll+0xc9c6f]

Java frames: (J=compiled Java code, j=interpreted, Vv=VM code)
j  java.io.FileSystem.getFileSystem()Ljava/io/FileSystem;+0
j  java.io.File.<clinit>()V+17
v  ~StubRoutines::call_stub
j  java.lang.Runtime.loadLibrary0(Ljava/lang/Class;Ljava/lang/String;)V+14
j  java.lang.System.loadLibrary(Ljava/lang/String;)V+7
j  java.lang.System.initializeSystemClass()V+127
v  ~StubRoutines::call_stub

---------------  P R O C E S S  ---------------

Java Threads: ( => current thread )
  0x02840000 JavaThread "Finalizer" daemon [_thread_blocked, id=640, stack(0x04d00000,0x04d50000)]
  0x0283e800 JavaThread "Reference Handler" daemon [_thread_blocked, id=1132, stack(0x04a70000,0x04ac0000)]
=>0x0280f000 JavaThread "main" [_thread_in_vm, id=4044, stack(0x00e50000,0x00ea0000)]

Other Threads:
  0x0283b400 VMThread [stack: 0x049a0000,0x049f0000] [id=2992]

VM state:not at safepoint (normal execution)

VM Mutex/Monitor currently owned by a thread: None

Heap
 def new generation   total 4928K, used 192K [0x27010000, 0x27560000, 0x2c560000)
  eden space 4416K,   4% used [0x27010000, 0x270402b8, 0x27460000)
  from space 512K,   0% used [0x27460000, 0x27460000, 0x274e0000)
  to   space 512K,   0% used [0x274e0000, 0x274e0000, 0x27560000)
 tenured generation   total 10944K, used 0K [0x2c560000, 0x2d010000, 0x37010000)
   the space 10944K,   0% used [0x2c560000, 0x2c560000, 0x2c560200, 0x2d010000)
 compacting perm gen  total 12288K, used 21K [0x37010000, 0x37c10000, 0x3b010000)
   the space 12288K,   0% used [0x37010000, 0x370156f8, 0x37015800, 0x37c10000)
    ro space 10240K,  41% used [0x3b010000, 0x3b4416b0, 0x3b441800, 0x3ba10000)
    rw space 12288K,  52% used [0x3ba10000, 0x3c0559f0, 0x3c055a00, 0x3c610000)

Card table byte_map: [0x048f0000,0x049a0000] byte_map_base: 0x047b7f80

Polling page: 0x001a0000

Code Cache  [0x028f0000, 0x02938000, 0x048f0000)
 total_blobs=80 nmethods=0 adapters=59 free_code_cache=32487Kb largest_free_block=33267072

Compilation events (0 events):
No events

GC Heap History (0 events):
No events

Deoptimization events (0 events):
No events

Internal exceptions (1 events):
Event: 0.012 Thread 0x0280f000 Threw 0x27015e50 at C:\jdk7u2_32P\jdk7u40\hotspot\src\share\vm\prims\jni.cpp:3991

Events (10 events):
Event: 0.020 loading class 0x3c6413a8
Event: 0.020 loading class 0x3c6413a8 done
Event: 0.021 loading class 0x3c6413f0
Event: 0.021 loading class 0x3c657100
Event: 0.021 loading class 0x3c657100 done
Event: 0.021 loading class 0x3c6413f0 done
Event: 0.021 loading class 0x3c643e88
Event: 0.021 loading class 0x3c707498
Event: 0.021 loading class 0x3c707498 done
Event: 0.021 loading class 0x3c643e88 done


Dynamic libraries:
0x00f10000 - 0x00f3f000 	C:\Program Files (x86)\Java\jre7\bin\javaw.exe
0x77530000 - 0x776b0000 	C:\Windows\SysWOW64\ntdll.dll
0x75820000 - 0x75930000 	C:\Windows\syswow64\kernel32.dll
0x76320000 - 0x76366000 	C:\Windows\syswow64\KERNELBASE.dll
0x76000000 - 0x760a0000 	C:\Windows\syswow64\ADVAPI32.dll
0x75940000 - 0x759ec000 	C:\Windows\syswow64\msvcrt.dll
0x75250000 - 0x75269000 	C:\Windows\SysWOW64\sechost.dll
0x75b50000 - 0x75c40000 	C:\Windows\syswow64\RPCRT4.dll
0x75090000 - 0x750f0000 	C:\Windows\syswow64\SspiCli.dll
0x75080000 - 0x7508c000 	C:\Windows\syswow64\CRYPTBASE.dll
0x75710000 - 0x75810000 	C:\Windows\syswow64\USER32.dll
0x75d00000 - 0x75d90000 	C:\Windows\syswow64\GDI32.dll
0x76310000 - 0x7631a000 	C:\Windows\syswow64\LPK.dll
0x77090000 - 0x7712d000 	C:\Windows\syswow64\USP10.dll
0x74b90000 - 0x74d2e000 	C:\Windows\WinSxS\x86_microsoft.windows.common-controls_6595b64144ccf1df_6.0.7601.17514_none_41e6975e2bd6f2b2\COMCTL32.dll
0x75ca0000 - 0x75cf7000 	C:\Windows\syswow64\SHLWAPI.dll
0x72fa0000 - 0x72fec000 	C:\Windows\system32\apphelp.dll
0x74ab0000 - 0x74b3d000 	C:\Windows\AppPatch\AcLayers.DLL
0x763b0000 - 0x76ffa000 	C:\Windows\syswow64\SHELL32.dll
0x759f0000 - 0x75b4c000 	C:\Windows\syswow64\ole32.dll
0x760a0000 - 0x7612f000 	C:\Windows\syswow64\OLEAUT32.dll
0x727a0000 - 0x727b7000 	C:\Windows\system32\USERENV.dll
0x72790000 - 0x7279b000 	C:\Windows\system32\profapi.dll
0x74070000 - 0x740c1000 	C:\Windows\system32\WINSPOOL.DRV
0x72750000 - 0x72762000 	C:\Windows\system32\MPR.dll
0x72d80000 - 0x72f98000 	C:\Windows\AppPatch\AcGenral.DLL
0x72d00000 - 0x72d80000 	C:\Windows\system32\UxTheme.dll
0x72cc0000 - 0x72cf2000 	C:\Windows\system32\WINMM.dll
0x72810000 - 0x7281f000 	C:\Windows\system32\samcli.dll
0x727f0000 - 0x72804000 	C:\Windows\system32\MSACM32.dll
0x727e0000 - 0x727e9000 	C:\Windows\system32\VERSION.dll
0x727d0000 - 0x727d3000 	C:\Windows\system32\sfc.dll
0x727c0000 - 0x727cd000 	C:\Windows\system32\sfc_os.DLL
0x72770000 - 0x72783000 	C:\Windows\system32\dwmapi.dll
0x75e60000 - 0x75ffd000 	C:\Windows\syswow64\SETUPAPI.dll
0x77060000 - 0x77087000 	C:\Windows\syswow64\CFGMGR32.dll
0x750f0000 - 0x75102000 	C:\Windows\syswow64\DEVOBJ.dll
0x75110000 - 0x75246000 	C:\Windows\syswow64\urlmon.dll
0x75270000 - 0x75365000 	C:\Windows\syswow64\WININET.dll
0x75370000 - 0x7556b000 	C:\Windows\syswow64\iertutil.dll
0x75570000 - 0x7568d000 	C:\Windows\syswow64\CRYPT32.dll
0x77500000 - 0x7750c000 	C:\Windows\syswow64\MSASN1.dll
0x622d0000 - 0x62529000 	C:\Windows\AppPatch\AcXtrnal.DLL
0x62780000 - 0x62786000 	C:\Windows\system32\SHUNIMPL.DLL
0x62760000 - 0x62771000 	C:\Windows\system32\SortWindows6Compat.dll
0x77000000 - 0x77060000 	C:\Windows\system32\IMM32.DLL
0x75d90000 - 0x75e5c000 	C:\Windows\syswow64\MSCTF.dll
0x739b0000 - 0x739d9000 	C:\Windows\SysWOW64\nvinit.dll
0x0f000000 - 0x0f006000 	C:\Program Files (x86)\NVIDIA Corporation\CoProcManager\_etoured.dll
0x74a40000 - 0x74a93000 	C:\Program Files (x86)\NVIDIA Corporation\CoProcManager\nvd3d9wrap.dll
0x74a00000 - 0x74a3b000 	C:\Program Files (x86)\NVIDIA Corporation\CoProcManager\nvdxgiwrap.dll
0x6c4f0000 - 0x6c5ae000 	C:\Program Files (x86)\Java\jre7\bin\msvcr100.dll
0x73cd0000 - 0x74050000 	C:\Program Files (x86)\Java\jre7\bin\client\jvm.dll
0x730b0000 - 0x730b7000 	C:\Windows\system32\WSOCK32.dll
0x76370000 - 0x763a5000 	C:\Windows\syswow64\WS2_32.dll
0x75c40000 - 0x75c46000 	C:\Windows\syswow64\NSI.dll
0x75930000 - 0x75935000 	C:\Windows\syswow64\PSAPI.DLL
0x74850000 - 0x7485c000 	C:\Program Files (x86)\Java\jre7\bin\verify.dll
0x74830000 - 0x74850000 	C:\Program Files (x86)\Java\jre7\bin\java.dll
0x74810000 - 0x74823000 	C:\Program Files (x86)\Java\jre7\bin\zip.dll
0x699b0000 - 0x69a9b000 	C:\Windows\system32\dbghelp.dll

VM Arguments:
jvm_args: -Dfile.encoding=Cp1252 
java_command: com.dhiraj.app.HibernateApp
Launcher Type: SUN_STANDARD

Environment Variables:
PATH=C:/Program Files (x86)/Java/jre7/bin/client;C:/Program Files (x86)/Java/jre7/bin;C:/Program Files (x86)/Java/jre7/lib/i386;C:\Program Files (x86)\Intel\iCLS Client\;C:\Program Files\Intel\iCLS Client\;C:\Windows\system32;C:\Windows;C:\Windows\System32\Wbem;C:\Windows\System32\WindowsPowerShell\v1.0\;C:\Program Files (x86)\Intel\OpenCL SDK\2.0\bin\x86;C:\Program Files (x86)\Intel\OpenCL SDK\2.0\bin\x64;C:\Program Files\Intel\Intel(R) Management Engine Components\DAL;C:\Program Files\Intel\Intel(R) Management Engine Components\IPT;C:\Program Files (x86)\Intel\Intel(R) Management Engine Components\DAL;C:\Program Files (x86)\Intel\Intel(R) Management Engine Components\IPT;E:\workingFolder\juno-SR2-win32\eclipse;
USERNAME=dhiraj
OS=Windows_NT
PROCESSOR_IDENTIFIER=Intel64 Family 6 Model 58 Stepping 9, GenuineIntel



---------------  S Y S T E M  ---------------

OS: Windows 7 , 64 bit Build 7600 

CPU:total 4 (2 cores per cpu, 2 threads per core) family 6 model 58 stepping 9, cmov, cx8, fxsr, mmx, sse, sse2, sse3, ssse3, sse4.1, sse4.2, popcnt, avx, aes, erms, ht, tsc, tscinvbit, tscinv

Memory: 4k page, physical 4090368k(1438860k free), swap 8178892k(5219140k free)

vm_info: Java HotSpot(TM) Client VM (24.0-b56) for windows-x86 JRE (1.7.0_40-b43), built on Aug 26 2013 22:34:40 by "java_re" with unknown MS VC++:1600

time: Fri Dec 12 23:27:19 2014
elapsed time: 0 seconds

